{
  "id": "sala-unica",
  "jugadores": [
    {
      "id": "68630363c6ea3f64e297a68e",
      "usuario": {
        "id": "68630363c6ea3f64e297a68e",
        "usuario": {
          "id": "68630363c6ea3f64e297a68e",
          "usuario": "TestKyua",
          "email": "test@chunva123.com",
          "pfp": "https://lh3.googleusercontent.com/d/1NqxloduuGZUIeriMsaBFS2SoVoSggReZ",
          "wins": 0,
          "losses": 0,
          "draws": 0
        }
      },
      "socketId": "5u3WGJb9o2WFru1OAAAF",
      "cartas": [
        {
          "id": 3,
          "tipo": "piedra",
          "pos_card": null
        },
        {
          "id": 0,
          "tipo": "piedra",
          "pos_card": null
        },
        {
          "id": 7,
          "tipo": "tijera",
          "pos_card": null
        },
        {
          "id": 17,
          "tipo": "papel",
          "pos_card": null
        },
        {
          "id": 8,
          "tipo": "tijera",
          "pos_card": null
        },
        {
          "id": 2,
          "tipo": "piedra",
          "pos_card": null
        },
        {
          "id": 17,
          "tipo": "papel",
          "pos_card": null
        },
        {
          "id": 14,
          "tipo": "papel",
          "pos_card": null
        },
        {
          "id": 8,
          "tipo": "tijera",
          "pos_card": null
        }
      ],
      "ordenadas": true
    },
    {
      "id": "685b448eee6a8bb20491731e",
      "usuario": {
        "id": "685b448eee6a8bb20491731e",
        "usuario": {
          "id": "685b448eee6a8bb20491731e",
          "usuario": "Usuario2",
          "email": "usu2@usu5.com",
          "pfp": "https://lh3.googleusercontent.com/d/1B_D2HcOoihx6AbKtQ4lDoRCnYffSlT8x",
          "wins": 0,
          "losses": 0,
          "draws": 0
        }
      },
      "socketId": "ZnUkP8dMUo3pt22oAAAD",
      "cartas": [
        {
          "id": 12,
          "tipo": "papel",
          "pos_card": null
        },
        {
          "id": 5,
          "tipo": "piedra",
          "pos_card": null
        },
        {
          "id": 3,
          "tipo": "piedra",
          "pos_card": null
        },
        {
          "id": 14,
          "tipo": "papel",
          "pos_card": null
        },
        {
          "id": 12,
          "tipo": "papel",
          "pos_card": null
        },
        {
          "id": 7,
          "tipo": "tijera",
          "pos_card": null
        },
        {
          "id": 14,
          "tipo": "papel",
          "pos_card": null
        },
        {
          "id": 5,
          "tipo": "piedra",
          "pos_card": null
        },
        {
          "id": 5,
          "tipo": "piedra",
          "pos_card": null
        }
      ],
      "ordenadas": true
    }
  ],
  "comenzado": true,
  "ronda": 1,
  "finalizada": true,
  "resultado": {
    "68630363c6ea3f64e297a68e": 3,
    "685b448eee6a8bb20491731e": 3
  },
  "estado": "partida-finalizada",
  "ganador": "empate"
}