[
	{
		"usuario": "ValentinGeo",
		"email": "vv@qq.com",
		"fechaNac": "11/11/2000",
		"contrasenia": "Valentin$4",
		"wins": 0,
		"losses": 0,
		"draws": 0,
		"pfp": "https://lh3.googleusercontent.com/d/1NqxloduuGZUIeriMsaBFS2SoVoSggReZ",
		"pais": "Argentina",
		"codigoPais": "AR",
		"id": "1"
	},
	{
		"usuario": "Tomas",
		"email": "tt@qq.com",
		"fechaNac": "11/11/2000",
		"contrasenia": "Toto$$44",
		"wins": 0,
		"losses": 0,
		"draws": 0,
		"pfp": "https://lh3.googleusercontent.com/d/1B_D2HcOoihx6AbKtQ4lDoRCnYffSlT8x",
		"pais": "Argentina",
		"codigoPais": "AR",
		"id": "2"
	}
]